05/08/24 11:55:23 AM Monday - BasePage - INFO : Click Action could not be performed on the element with LocatorType: id and locatorValue: ('com.code2lead.kwad:id/EnterValue',)
05/08/24 11:55:44 AM Monday - BasePage - INFO : Element with LocatorType: text and locatorValue: ('Enter some Value',) could not be displayed
05/08/24 11:55:44 AM Monday - BasePage - INFO : Could not send keys to the element with LocatorType: classname and locatorValue: ('android.widget.EditText',)
05/08/24 11:56:04 AM Monday - BasePage - INFO : Click Action could not be performed on the element with LocatorType: text and locatorValue: ('SUBMIT',)
05/08/24 12:01:51 PM Monday - BasePage - INFO : Click Action could not be performed on the element with LocatorType: id and locatorValue: ('com.code2lead.kwad:id/EnterValue',)
05/08/24 12:02:11 PM Monday - BasePage - INFO : Element with LocatorType: text and locatorValue: ('Enter some Value',) could not be displayed
05/08/24 12:02:11 PM Monday - BasePage - INFO : Could not send keys to the element with LocatorType: classname and locatorValue: ('android.widget.EditText',)
05/08/24 12:02:32 PM Monday - BasePage - INFO : Click Action could not be performed on the element with LocatorType: text and locatorValue: ('SUBMIT',)
05/08/24 12:02:49 PM Monday - BasePage - INFO : Clicked on the element with LocatorType: id and locatorValue: com.code2lead.kwad:id/EnterValue
05/08/24 12:02:51 PM Monday - BasePage - INFO : Element with LocatorType: text and locatorValue: Enter some Value is displayed
05/08/24 12:02:51 PM Monday - BasePage - INFO : Sent keys to the element with LocatorType: classname and locatorValue: android.widget.EditText
05/08/24 12:02:52 PM Monday - BasePage - INFO : Clicked on the element with LocatorType: text and locatorValue: SUBMIT
05/08/24 12:17:08 PM Monday - BasePage - INFO : Clicked on the element with LocatorType: id and locatorValue: com.code2lead.kwad:id/EnterValue
05/08/24 12:17:08 PM Monday - BasePage - INFO : Element with LocatorType: text and locatorValue: Enter some Value could not be displayed. Error: Message: Could not parse selector expression `new UiSelector().Enter some Value`: No opening parenthesis after method name at position 17; For documentation on this error, please visit: https://www.selenium.dev/documentation/webdriver/troubleshooting/errors#invalid-selector-exception
Stacktrace:
io.appium.uiautomator2.common.exceptions.UiSelectorSyntaxException: Could not parse selector expression `new UiSelector().Enter some Value`: No opening parenthesis after method name at position 17
	at io.appium.uiautomator2.utils.UiExpressionParser.consumeMethodName(UiExpressionParser.java:97)
	at io.appium.uiautomator2.utils.UiExpressionParser.consumeMethodCall(UiExpressionParser.java:180)
	at io.appium.uiautomator2.utils.UiSelectorParser.parse(UiSelectorParser.java:53)
	at io.appium.uiautomator2.utils.UiAutomatorParser.consumeStatement(UiAutomatorParser.java:94)
	at io.appium.uiautomator2.utils.UiAutomatorParser.parse(UiAutomatorParser.java:47)
	at io.appium.uiautomator2.utils.ElementLocationHelpers.toSelectors(ElementLocationHelpers.java:135)
	at io.appium.uiautomator2.utils.ElementLocationHelpers.toSelector(ElementLocationHelpers.java:131)
	at io.appium.uiautomator2.utils.ByUiAutomatorFinder.findOne(ByUiAutomatorFinder.java:54)
	at io.appium.uiautomator2.utils.ByUiAutomatorFinder.findOne(ByUiAutomatorFinder.java:49)
	at io.appium.uiautomator2.utils.ElementLocationHelpers.findElement(ElementLocationHelpers.java:160)
	at io.appium.uiautomator2.handler.FindElement.safeHandle(FindElement.java:60)
	at io.appium.uiautomator2.handler.request.SafeRequestHandler.handle(SafeRequestHandler.java:59)
	at io.appium.uiautomator2.server.AppiumServlet.handleRequest(AppiumServlet.java:259)
	at io.appium.uiautomator2.server.AppiumServlet.handleHttpRequest(AppiumServlet.java:253)
	at io.appium.uiautomator2.http.ServerHandler.channelRead(ServerHandler.java:77)
	at io.netty.channel.AbstractChannelHandlerContext.invokeChannelRead(AbstractChannelHandlerContext.java:366)
	at io.netty.channel.AbstractChannelHandlerContext.invokeChannelRead(AbstractChannelHandlerContext.java:352)
	at io.netty.channel.AbstractChannelHandlerContext.fireChannelRead(AbstractChannelHandlerContext.java:345)
	at io.netty.handler.codec.MessageToMessageDecoder.channelRead(MessageToMessageDecoder.java:102)
	at io.netty.channel.AbstractChannelHandlerContext.invokeChannelRead(AbstractChannelHandlerContext.java:366)
	at io.netty.channel.AbstractChannelHandlerContext.invokeChannelRead(AbstractChannelHandlerContext.java:352)
	at io.netty.channel.AbstractChannelHandlerContext.fireChannelRead(AbstractChannelHandlerContext.java:345)
	at io.netty.channel.CombinedChannelDuplexHandler$DelegatingChannelHandlerContext.fireChannelRead(CombinedChannelDuplexHandler.java:435)
	at io.netty.handler.codec.ByteToMessageDecoder.fireChannelRead(ByteToMessageDecoder.java:293)
	at io.netty.handler.codec.ByteToMessageDecoder.channelRead(ByteToMessageDecoder.java:267)
	at io.netty.channel.CombinedChannelDuplexHandler.channelRead(CombinedChannelDuplexHandler.java:250)
	at io.netty.channel.AbstractChannelHandlerContext.invokeChannelRead(AbstractChannelHandlerContext.java:366)
	at io.netty.channel.AbstractChannelHandlerContext.invokeChannelRead(AbstractChannelHandlerContext.java:352)
	at io.netty.channel.AbstractChannelHandlerContext.fireChannelRead(AbstractChannelHandlerContext.java:345)
	at io.netty.handler.timeout.IdleStateHandler.channelRead(IdleStateHandler.java:266)
	at io.netty.channel.AbstractChannelHandlerContext.invokeChannelRead(AbstractChannelHandlerContext.java:366)
	at io.netty.channel.AbstractChannelHandlerContext.invokeChannelRead(AbstractChannelHandlerContext.java:352)
	at io.netty.channel.AbstractChannelHandlerContext.fireChannelRead(AbstractChannelHandlerContext.java:345)
	at io.netty.channel.DefaultChannelPipeline$HeadContext.channelRead(DefaultChannelPipeline.java:1294)
	at io.netty.channel.AbstractChannelHandlerContext.invokeChannelRead(AbstractChannelHandlerContext.java:366)
	at io.netty.channel.AbstractChannelHandlerContext.invokeChannelRead(AbstractChannelHandlerContext.java:352)
	at io.netty.channel.DefaultChannelPipeline.fireChannelRead(DefaultChannelPipeline.java:911)
	at io.netty.channel.nio.AbstractNioByteChannel$NioByteUnsafe.read(AbstractNioByteChannel.java:131)
	at io.netty.channel.nio.NioEventLoop.processSelectedKey(NioEventLoop.java:611)
	at io.netty.channel.nio.NioEventLoop.processSelectedKeysOptimized(NioEventLoop.java:552)
	at io.netty.channel.nio.NioEventLoop.processSelectedKeys(NioEventLoop.java:466)
	at io.netty.channel.nio.NioEventLoop.run(NioEventLoop.java:438)
	at io.netty.util.concurrent.SingleThreadEventExecutor$2.run(SingleThreadEventExecutor.java:140)
	at io.netty.util.concurrent.DefaultThreadFactory$DefaultRunnableDecorator.run(DefaultThreadFactory.java:144)
	at java.lang.Thread.run(Thread.java:1012)

05/08/24 12:17:10 PM Monday - BasePage - INFO : Sent keys to the element with LocatorType: classname and locatorValue: android.widget.EditText
05/08/24 12:17:11 PM Monday - BasePage - INFO : Click Action could not be performed on the element with LocatorType: text and locatorValue: SUBMIT. Error: Message: Could not parse selector expression `new UiSelector().SUBMIT`: No opening parenthesis after method name at position 17; For documentation on this error, please visit: https://www.selenium.dev/documentation/webdriver/troubleshooting/errors#invalid-selector-exception
Stacktrace:
io.appium.uiautomator2.common.exceptions.UiSelectorSyntaxException: Could not parse selector expression `new UiSelector().SUBMIT`: No opening parenthesis after method name at position 17
	at io.appium.uiautomator2.utils.UiExpressionParser.consumeMethodName(UiExpressionParser.java:97)
	at io.appium.uiautomator2.utils.UiExpressionParser.consumeMethodCall(UiExpressionParser.java:180)
	at io.appium.uiautomator2.utils.UiSelectorParser.parse(UiSelectorParser.java:53)
	at io.appium.uiautomator2.utils.UiAutomatorParser.consumeStatement(UiAutomatorParser.java:94)
	at io.appium.uiautomator2.utils.UiAutomatorParser.parse(UiAutomatorParser.java:47)
	at io.appium.uiautomator2.utils.ElementLocationHelpers.toSelectors(ElementLocationHelpers.java:135)
	at io.appium.uiautomator2.utils.ElementLocationHelpers.toSelector(ElementLocationHelpers.java:131)
	at io.appium.uiautomator2.utils.ByUiAutomatorFinder.findOne(ByUiAutomatorFinder.java:54)
	at io.appium.uiautomator2.utils.ByUiAutomatorFinder.findOne(ByUiAutomatorFinder.java:49)
	at io.appium.uiautomator2.utils.ElementLocationHelpers.findElement(ElementLocationHelpers.java:160)
	at io.appium.uiautomator2.handler.FindElement.safeHandle(FindElement.java:60)
	at io.appium.uiautomator2.handler.request.SafeRequestHandler.handle(SafeRequestHandler.java:59)
	at io.appium.uiautomator2.server.AppiumServlet.handleRequest(AppiumServlet.java:259)
	at io.appium.uiautomator2.server.AppiumServlet.handleHttpRequest(AppiumServlet.java:253)
	at io.appium.uiautomator2.http.ServerHandler.channelRead(ServerHandler.java:77)
	at io.netty.channel.AbstractChannelHandlerContext.invokeChannelRead(AbstractChannelHandlerContext.java:366)
	at io.netty.channel.AbstractChannelHandlerContext.invokeChannelRead(AbstractChannelHandlerContext.java:352)
	at io.netty.channel.AbstractChannelHandlerContext.fireChannelRead(AbstractChannelHandlerContext.java:345)
	at io.netty.handler.codec.MessageToMessageDecoder.channelRead(MessageToMessageDecoder.java:102)
	at io.netty.channel.AbstractChannelHandlerContext.invokeChannelRead(AbstractChannelHandlerContext.java:366)
	at io.netty.channel.AbstractChannelHandlerContext.invokeChannelRead(AbstractChannelHandlerContext.java:352)
	at io.netty.channel.AbstractChannelHandlerContext.fireChannelRead(AbstractChannelHandlerContext.java:345)
	at io.netty.channel.CombinedChannelDuplexHandler$DelegatingChannelHandlerContext.fireChannelRead(CombinedChannelDuplexHandler.java:435)
	at io.netty.handler.codec.ByteToMessageDecoder.fireChannelRead(ByteToMessageDecoder.java:293)
	at io.netty.handler.codec.ByteToMessageDecoder.channelRead(ByteToMessageDecoder.java:267)
	at io.netty.channel.CombinedChannelDuplexHandler.channelRead(CombinedChannelDuplexHandler.java:250)
	at io.netty.channel.AbstractChannelHandlerContext.invokeChannelRead(AbstractChannelHandlerContext.java:366)
	at io.netty.channel.AbstractChannelHandlerContext.invokeChannelRead(AbstractChannelHandlerContext.java:352)
	at io.netty.channel.AbstractChannelHandlerContext.fireChannelRead(AbstractChannelHandlerContext.java:345)
	at io.netty.handler.timeout.IdleStateHandler.channelRead(IdleStateHandler.java:266)
	at io.netty.channel.AbstractChannelHandlerContext.invokeChannelRead(AbstractChannelHandlerContext.java:366)
	at io.netty.channel.AbstractChannelHandlerContext.invokeChannelRead(AbstractChannelHandlerContext.java:352)
	at io.netty.channel.AbstractChannelHandlerContext.fireChannelRead(AbstractChannelHandlerContext.java:345)
	at io.netty.channel.DefaultChannelPipeline$HeadContext.channelRead(DefaultChannelPipeline.java:1294)
	at io.netty.channel.AbstractChannelHandlerContext.invokeChannelRead(AbstractChannelHandlerContext.java:366)
	at io.netty.channel.AbstractChannelHandlerContext.invokeChannelRead(AbstractChannelHandlerContext.java:352)
	at io.netty.channel.DefaultChannelPipeline.fireChannelRead(DefaultChannelPipeline.java:911)
	at io.netty.channel.nio.AbstractNioByteChannel$NioByteUnsafe.read(AbstractNioByteChannel.java:131)
	at io.netty.channel.nio.NioEventLoop.processSelectedKey(NioEventLoop.java:611)
	at io.netty.channel.nio.NioEventLoop.processSelectedKeysOptimized(NioEventLoop.java:552)
	at io.netty.channel.nio.NioEventLoop.processSelectedKeys(NioEventLoop.java:466)
	at io.netty.channel.nio.NioEventLoop.run(NioEventLoop.java:438)
	at io.netty.util.concurrent.SingleThreadEventExecutor$2.run(SingleThreadEventExecutor.java:140)
	at io.netty.util.concurrent.DefaultThreadFactory$DefaultRunnableDecorator.run(DefaultThreadFactory.java:144)
	at java.lang.Thread.run(Thread.java:1012)

05/08/24 12:21:00 PM Monday - BasePage - INFO : Clicked on the element with LocatorType: id and locatorValue: com.code2lead.kwad:id/EnterValue
05/08/24 12:21:02 PM Monday - BasePage - INFO : Sent keys to the element with LocatorType: classname and locatorValue: android.widget.EditText
05/08/24 12:21:03 PM Monday - BasePage - INFO : Clicked on the element with LocatorType: text and locatorValue: SUBMIT
05/08/24 12:51:31 PM Monday - BasePage - INFO : Clicked on the element with LocatorType: id and locatorValue: com.code2lead.kwad:id/EnterValue
05/08/24 12:51:32 PM Monday - BasePage - INFO : Sent keys to the element with LocatorType: classname and locatorValue: android.widget.EditText
05/08/24 12:51:33 PM Monday - BasePage - INFO : Clicked on the element with LocatorType: text and locatorValue: SUBMIT
05/08/24 12:54:57 PM Monday - BasePage - INFO : Clicked on the element with LocatorType: id and locatorValue: com.code2lead.kwad:id/EnterValue
05/08/24 12:54:58 PM Monday - BasePage - INFO : Sent keys to the element with LocatorType: classname and locatorValue: android.widget.EditText
05/08/24 12:55:00 PM Monday - BasePage - INFO : Clicked on the element with LocatorType: text and locatorValue: SUBMIT
05/08/24 12:55:09 PM Monday - BasePage - INFO : Clicked on the element with LocatorType: id and locatorValue: com.code2lead.kwad:id/ContactUs
05/08/24 12:55:11 PM Monday - BasePage - INFO : Sent keys to the element with LocatorType: text and locatorValue: Enter Name
05/08/24 12:55:31 PM Monday - BasePage - INFO : Could not on the element with LocatorType: text and locatorValue: Enter Name
05/08/24 12:55:31 PM Monday - BasePage - INFO : Sent keys to the element with LocatorType: text and locatorValue: Enter Address
05/08/24 12:55:32 PM Monday - BasePage - INFO : Sent keys to the element with LocatorType: text and locatorValue: Enter Mobile No
05/08/24 12:55:53 PM Monday - BasePage - INFO : Could not on the element with LocatorType: id and locatorValue: text
05/08/24 12:59:18 PM Monday - BasePage - INFO : Clicked on the element with LocatorType: id and locatorValue: com.code2lead.kwad:id/EnterValue
05/08/24 12:59:20 PM Monday - BasePage - INFO : Sent keys to the element with LocatorType: classname and locatorValue: android.widget.EditText
05/08/24 12:59:21 PM Monday - BasePage - INFO : Clicked on the element with LocatorType: text and locatorValue: SUBMIT
05/08/24 12:59:29 PM Monday - BasePage - INFO : Clicked on the element with LocatorType: id and locatorValue: com.code2lead.kwad:id/ContactUs
05/08/24 12:59:31 PM Monday - BasePage - INFO : Sent keys to the element with LocatorType: text and locatorValue: Enter Name
05/08/24 12:59:32 PM Monday - BasePage - INFO : Sent keys to the element with LocatorType: text and locatorValue: Enter Email
05/08/24 12:59:33 PM Monday - BasePage - INFO : Sent keys to the element with LocatorType: text and locatorValue: Enter Address
05/08/24 12:59:34 PM Monday - BasePage - INFO : Sent keys to the element with LocatorType: text and locatorValue: Enter Mobile No
05/08/24 12:59:35 PM Monday - BasePage - INFO : Clicked on the element with LocatorType: text and locatorValue: SUBMIT
